d:\visualstudioprojs\sitronminecraftraytracing\sitronsfmlraytracer\sitronsfmlraytracer\x64\debug\vc142.pdb
d:\visualstudioprojs\sitronminecraftraytracing\sitronsfmlraytracer\sitronsfmlraytracer\x64\debug\vc142.idb
d:\visualstudioprojs\sitronminecraftraytracing\sitronsfmlraytracer\sitronsfmlraytracer\x64\debug\worldhandler.obj
d:\visualstudioprojs\sitronminecraftraytracing\sitronsfmlraytracer\sitronsfmlraytracer\x64\debug\smath.obj
d:\visualstudioprojs\sitronminecraftraytracing\sitronsfmlraytracer\sitronsfmlraytracer\x64\debug\settingshandler.obj
d:\visualstudioprojs\sitronminecraftraytracing\sitronsfmlraytracer\sitronsfmlraytracer\x64\debug\ray.obj
d:\visualstudioprojs\sitronminecraftraytracing\sitronsfmlraytracer\sitronsfmlraytracer\x64\debug\player.obj
d:\visualstudioprojs\sitronminecraftraytracing\sitronsfmlraytracer\sitronsfmlraytracer\x64\debug\minecraftplaystate.obj
d:\visualstudioprojs\sitronminecraftraytracing\sitronsfmlraytracer\sitronsfmlraytracer\x64\debug\main.obj
d:\visualstudioprojs\sitronminecraftraytracing\sitronsfmlraytracer\sitronsfmlraytracer\x64\debug\log.obj
d:\visualstudioprojs\sitronminecraftraytracing\sitronsfmlraytracer\sitronsfmlraytracer\x64\debug\loader.obj
d:\visualstudioprojs\sitronminecraftraytracing\sitronsfmlraytracer\sitronsfmlraytracer\x64\debug\inputhandler.obj
d:\visualstudioprojs\sitronminecraftraytracing\sitronsfmlraytracer\sitronsfmlraytracer\x64\debug\hit.obj
d:\visualstudioprojs\sitronminecraftraytracing\sitronsfmlraytracer\sitronsfmlraytracer\x64\debug\gamestatemanager.obj
d:\visualstudioprojs\sitronminecraftraytracing\sitronsfmlraytracer\sitronsfmlraytracer\x64\debug\gamestate.obj
d:\visualstudioprojs\sitronminecraftraytracing\sitronsfmlraytracer\sitronsfmlraytracer\x64\debug\block.obj
d:\visualstudioprojs\sitronminecraftraytracing\sitronsfmlraytracer\x64\debug\sitronsfmlraytracer.ilk
d:\visualstudioprojs\sitronminecraftraytracing\sitronsfmlraytracer\x64\debug\sitronsfmlraytracer.exe
d:\visualstudioprojs\sitronminecraftraytracing\sitronsfmlraytracer\x64\debug\sitronsfmlraytracer.pdb
d:\visualstudioprojs\sitronminecraftraytracing\sitronsfmlraytracer\sitronsfmlraytracer\x64\debug\sitronsf.3ab257e4.tlog\cl.command.1.tlog
d:\visualstudioprojs\sitronminecraftraytracing\sitronsfmlraytracer\sitronsfmlraytracer\x64\debug\sitronsf.3ab257e4.tlog\cl.read.1.tlog
d:\visualstudioprojs\sitronminecraftraytracing\sitronsfmlraytracer\sitronsfmlraytracer\x64\debug\sitronsf.3ab257e4.tlog\cl.write.1.tlog
d:\visualstudioprojs\sitronminecraftraytracing\sitronsfmlraytracer\sitronsfmlraytracer\x64\debug\sitronsf.3ab257e4.tlog\link.command.1.tlog
d:\visualstudioprojs\sitronminecraftraytracing\sitronsfmlraytracer\sitronsfmlraytracer\x64\debug\sitronsf.3ab257e4.tlog\link.read.1.tlog
d:\visualstudioprojs\sitronminecraftraytracing\sitronsfmlraytracer\sitronsfmlraytracer\x64\debug\sitronsf.3ab257e4.tlog\link.write.1.tlog
